0 info it worked if it ends with ok
1 verbose cli [ 'C:\\Program Files\\nodejs\\node.exe',
1 verbose cli   'C:\\Program Files\\nodejs\\node_modules\\npm\\bin\\npm-cli.js',
1 verbose cli   'run',
1 verbose cli   'watchify' ]
2 info using npm@3.10.8
3 info using node@v6.9.1
4 verbose run-script [ 'prewatchify', 'watchify', 'postwatchify' ]
5 info lifecycle vue@0.1.0~prewatchify: vue@0.1.0
6 silly lifecycle vue@0.1.0~prewatchify: no script for prewatchify, continuing
7 info lifecycle vue@0.1.0~watchify: vue@0.1.0
8 verbose lifecycle vue@0.1.0~watchify: unsafe-perm in lifecycle true
9 verbose lifecycle vue@0.1.0~watchify: PATH: C:\Program Files\nodejs\node_modules\npm\bin\node-gyp-bin;D:\dev\project\java\cerp\src\main\webapp\javascripts\vue\node_modules\.bin;C:\Program Files\Perl64\site\bin;C:\Program Files\Perl64\bin;C:\ProgramData\Oracle\Java\javapath;C:\Program Files (x86)\Intel\iCLS Client\;C:\Program Files\Intel\iCLS Client\;C:\Windows\system32;C:\Windows;C:\Windows\System32\Wbem;C:\Windows\System32\WindowsPowerShell\v1.0\;C:\Program Files\Intel\Intel(R) Management Engine Components\DAL;C:\Program Files\Intel\Intel(R) Management Engine Components\IPT;C:\Program Files (x86)\Intel\Intel(R) Management Engine Components\DAL;C:\Program Files (x86)\Intel\Intel(R) Management Engine Components\IPT;C:\Program Files (x86)\Intel\OpenCL SDK\3.0\bin\x86;C:\Program Files (x86)\Intel\OpenCL SDK\3.0\bin\x64;C:\Program Files\Lenovo\Fingerprint Manager Pro\;C:\Program Files\Java\jdk1.7.0_55\bin;C:\Python27;C:\Windows\system32\config\systemprofile\.dnx\bin;C:\Program Files\Microsoft DNX\Dnvm\;C:\Program Files (x86)\Windows Kits\10\Windows Performance Toolkit\;C:\Program Files\Git\cmd;C:\Program Files\nodejs\;C:\Program Files\Perl64\site\bin;C:\Program Files\Perl64\bin;C:\ProgramData\Oracle\Java\javapath;C:\Program Files (x86)\Intel\iCLS Client\;C:\Program Files\Intel\iCLS Client\;C:\Windows\system32;C:\Windows;C:\Windows\System32\Wbem;C:\Windows\System32\WindowsPowerShell\v1.0\;C:\Program Files\Intel\Intel(R) Management Engine Components\DAL;C:\Program Files\Intel\Intel(R) Management Engine Components\IPT;C:\Program Files (x86)\Intel\Intel(R) Management Engine Components\DAL;C:\Program Files (x86)\Intel\Intel(R) Management Engine Components\IPT;C:\Program Files (x86)\Intel\OpenCL SDK\3.0\bin\x86;C:\Program Files (x86)\Intel\OpenCL SDK\3.0\bin\x64;C:\Program Files\Lenovo\Fingerprint Manager Pro\;C:\Program Files\Java\jdk1.7.0_55\bin;C:\Python27;C:\Windows\system32\config\systemprofile\.dnx\bin;C:\Program Files\Microsoft DNX\Dnvm\;C:\Program Files (x86)\Windows Kits\10\Windows Performance Toolkit\;C:\Program Files\Git\cmd;C:\Program Files\nodejs\;C:\Python27\Scripts;C:\Users\ThinkPad\AppData\Local\atom\bin;D:\dev\grails\grails-3.1.9\bin;C:\Program Files\Java\jdk1.7.0_55\bin;C:\Users\ThinkPad\AppData\Roaming\npm
10 verbose lifecycle vue@0.1.0~watchify: CWD: D:\dev\project\java\cerp\src\main\webapp\javascripts\vue
11 silly lifecycle vue@0.1.0~watchify: Args: [ '/d /s /c',
11 silly lifecycle   'watchify -vd -p browserify-hmr -e src/main.js -o ../../../../../grails-app/assets/javascripts/vue.js' ]
12 silly lifecycle vue@0.1.0~watchify: Returned: code: 3221225786  signal: null
13 info lifecycle vue@0.1.0~watchify: Failed to exec watchify script
14 verbose stack Error: vue@0.1.0 watchify: `watchify -vd -p browserify-hmr -e src/main.js -o ../../../../../grails-app/assets/javascripts/vue.js`
14 verbose stack Exit status 3221225786
14 verbose stack     at EventEmitter.<anonymous> (C:\Program Files\nodejs\node_modules\npm\lib\utils\lifecycle.js:255:16)
14 verbose stack     at emitTwo (events.js:106:13)
14 verbose stack     at EventEmitter.emit (events.js:191:7)
14 verbose stack     at ChildProcess.<anonymous> (C:\Program Files\nodejs\node_modules\npm\lib\utils\spawn.js:40:14)
14 verbose stack     at emitTwo (events.js:106:13)
14 verbose stack     at ChildProcess.emit (events.js:191:7)
14 verbose stack     at maybeClose (internal/child_process.js:877:16)
14 verbose stack     at Process.ChildProcess._handle.onexit (internal/child_process.js:226:5)
15 verbose pkgid vue@0.1.0
16 verbose cwd D:\dev\project\java\cerp\src\main\webapp\javascripts\vue
17 error Windows_NT 6.1.7601
18 error argv "C:\\Program Files\\nodejs\\node.exe" "C:\\Program Files\\nodejs\\node_modules\\npm\\bin\\npm-cli.js" "run" "watchify"
19 error node v6.9.1
20 error npm  v3.10.8
21 error code ELIFECYCLE
22 error vue@0.1.0 watchify: `watchify -vd -p browserify-hmr -e src/main.js -o ../../../../../grails-app/assets/javascripts/vue.js`
22 error Exit status 3221225786
23 error Failed at the vue@0.1.0 watchify script 'watchify -vd -p browserify-hmr -e src/main.js -o ../../../../../grails-app/assets/javascripts/vue.js'.
23 error Make sure you have the latest version of node.js and npm installed.
23 error If you do, this is most likely a problem with the vue package,
23 error not with npm itself.
23 error Tell the author that this fails on your system:
23 error     watchify -vd -p browserify-hmr -e src/main.js -o ../../../../../grails-app/assets/javascripts/vue.js
23 error You can get information on how to open an issue for this project with:
23 error     npm bugs vue
23 error Or if that isn't available, you can get their info via:
23 error     npm owner ls vue
23 error There is likely additional logging output above.
24 verbose exit [ 1, true ]
